\BOOKMARK [1][-]{section.1}{Introducation}{}% 1
\BOOKMARK [2][-]{subsection.1.1}{JPEG}{section.1}% 2
\BOOKMARK [2][-]{subsection.1.2}{JPEG2000}{section.1}% 3
\BOOKMARK [2][-]{subsection.1.3}{JPEG-LS}{section.1}% 4
\BOOKMARK [1][-]{section.2}{Compression Method}{}% 5
\BOOKMARK [2][-]{subsection.2.1}{JPEG 2000}{section.2}% 6
\BOOKMARK [3][-]{subsubsection.2.1.1}{Discrete Wavelet Transform}{subsection.2.1}% 7
\BOOKMARK [3][-]{subsubsection.2.1.2}{Quantization}{subsection.2.1}% 8
\BOOKMARK [3][-]{subsubsection.2.1.3}{Coding}{subsection.2.1}% 9
\BOOKMARK [2][-]{subsection.2.2}{JPEG-LS}{section.2}% 10
\BOOKMARK [1][-]{section.3}{Implementation}{}% 11
\BOOKMARK [2][-]{subsection.3.1}{Haar Wavelet Transform}{section.3}% 12
\BOOKMARK [2][-]{subsection.3.2}{CDF 9/7 Wavelet Transform}{section.3}% 13
\BOOKMARK [2][-]{subsection.3.3}{Huffman Coding}{section.3}% 14
\BOOKMARK [2][-]{subsection.3.4}{File Organization}{section.3}% 15
\BOOKMARK [1][-]{section.4}{Comparsion}{}% 16
\BOOKMARK [2][-]{subsection.4.1}{Metrics}{section.4}% 17
\BOOKMARK [2][-]{subsection.4.2}{Image Quality}{section.4}% 18
\BOOKMARK [2][-]{subsection.4.3}{Compression Ratio}{section.4}% 19
\BOOKMARK [1][-]{section.5}{Summary}{}% 20
\BOOKMARK [1][-]{section.6}{Acknowledgement}{}% 21
\BOOKMARK [1][-]{section.7}{Appendix A: How to run the software}{}% 22
